<?xml version="1.0" encoding="UTF-8" ?>
<testsuite tests="4" failures="0" name="ua.training.controller.commands.LoginCommandTest" time="0.279" errors="0" skipped="0">
  <properties>
[...]
</properties>
  <testcase classname="ua.training.controller.commands.LoginCommandTest" name="test_invalid_password_param" time="0.268"/>
  <testcase classname="ua.training.controller.commands.LoginCommandTest" name="test_ok" time="0.009"/>
  <testcase classname="ua.training.controller.commands.LoginCommandTest" name="test_no_in_db" time="0.001"/>
  <testcase classname="ua.training.controller.commands.LoginCommandTest" name="test_invalid_login_param" time="0.001"/>
</testsuite>